<?xml version="1.0" encoding="UTF-8"?>
<testng-results ignored="0" total="1" passed="1" failed="0" skipped="0">
  <reporter-output>
  </reporter-output>
  <suite started-at="2022-05-06T17:32:36 SAST" name="Default suite" finished-at="2022-05-06T17:32:59 SAST" duration-ms="22764">
    <groups>
    </groups>
    <test started-at="2022-05-06T17:32:36 SAST" name="Default test" finished-at="2022-05-06T17:32:59 SAST" duration-ms="22764">
      <class name="Academy.LandingPagetestcase">
        <test-method is-config="true" signature="initialize()[pri:0, instance:Academy.LandingPagetestcase@6b81ce95]" started-at="2022-05-06T17:32:36 SAST" name="initialize" finished-at="2022-05-06T17:32:53 SAST" duration-ms="17026" status="PASS">
          <reporter-output>
          </reporter-output>
        </test-method> <!-- initialize -->
        <test-method signature="contactUsPage()[pri:0, instance:Academy.LandingPagetestcase@6b81ce95]" started-at="2022-05-06T17:32:53 SAST" name="contactUsPage" finished-at="2022-05-06T17:32:59 SAST" duration-ms="5329" status="PASS">
          <reporter-output>
          </reporter-output>
        </test-method> <!-- contactUsPage -->
        <test-method is-config="true" signature="teardown()[pri:0, instance:Academy.LandingPagetestcase@6b81ce95]" started-at="2022-05-06T17:32:59 SAST" name="teardown" finished-at="2022-05-06T17:32:59 SAST" duration-ms="321" status="PASS">
          <reporter-output>
          </reporter-output>
        </test-method> <!-- teardown -->
      </class> <!-- Academy.LandingPagetestcase -->
    </test> <!-- Default test -->
  </suite> <!-- Default suite -->
</testng-results>
